<?xml version="1.0" encoding="UTF-8"?>
<testng-results ignored="0" total="1" passed="1" failed="0" skipped="0">
  <reporter-output>
  </reporter-output>
  <suite started-at="2024-01-22T18:08:04 IST" name="Default suite" finished-at="2024-01-22T18:08:05 IST" duration-ms="1966">
    <groups>
    </groups>
    <test started-at="2024-01-22T18:08:04 IST" name="Default test" finished-at="2024-01-22T18:08:05 IST" duration-ms="1966">
      <class name="com.flyaway.Rest_FlyAway">
        <test-method signature="testFlightSearchApi()[pri:0, instance:com.flyaway.Rest_FlyAway@5fbdfdcf]" started-at="2024-01-22T18:08:04 IST" name="testFlightSearchApi" finished-at="2024-01-22T18:08:05 IST" duration-ms="1922" status="PASS">
          <reporter-output>
          </reporter-output>
        </test-method> <!-- testFlightSearchApi -->
      </class> <!-- com.flyaway.Rest_FlyAway -->
    </test> <!-- Default test -->
  </suite> <!-- Default suite -->
</testng-results>
